<?xml version="1.0" encoding="UTF-8"?>
<!-- Generated by org.testng.reporters.JUnitReportReporter -->
<testsuite hostname="DESKTOP-P43UQSD" failures="0" tests="8" name="TestLayer.RegisterSucessTest" time="0.254" errors="0" timestamp="2023-05-09T20:17:42 IST" skipped="0">
  <testcase classname="TestLayer.RegisterSucessTest" name="pqr1" time="0.000"/>
  <system-out/>
  <testcase classname="TestLayer.RegisterSucessTest" name="pqr" time="0.000"/>
  <system-out/>
  <testcase classname="TestLayer.RegisterSucessTest" name="abc" time="0.008"/>
  <system-out/>
  <testcase classname="TestLayer.RegisterSucessTest" name="xyz" time="0.001"/>
  <system-out/>
  <testcase classname="TestLayer.RegisterSucessTest" name="validateSucessPageUrl" time="0.017"/>
  <system-out/>
  <testcase classname="TestLayer.RegisterSucessTest" name="validateFirstName" time="0.100"/>
  <system-out/>
  <testcase classname="TestLayer.RegisterSucessTest" name="validateLastName" time="0.068"/>
  <system-out/>
  <testcase classname="TestLayer.RegisterSucessTest" name="validateEmailId" time="0.060"/>
  <system-out/>
</testsuite> <!-- TestLayer.RegisterSucessTest -->
