<?xml version="1.0" encoding="UTF-8"?>
<!-- Generated by org.testng.reporters.JUnitReportReporter -->
<testsuite hostname="DESKTOP-P43UQSD" failures="0" tests="1" name="TestLayer.RegisterPageTest" time="13.673" errors="0" timestamp="2023-05-09T20:17:42 IST" skipped="0">
  <testcase classname="TestLayer.RegisterPageTest" name="validateRegisterFunctionality" time="13.673"/>
  <system-out/>
</testsuite> <!-- TestLayer.RegisterPageTest -->
